The system is: Linux - 3.10.0-1160.108.1.el7.x86_64 - x86_64
Compiling the C compiler identification source file "CMakeCCompilerId.c" succeeded.
Compiler: /pbs/software/centos-7-x86_64/gcc/7.3.0/bin/gcc 
Build flags: 
Id flags:  

The output was:
0


Compilation of the C compiler identification source "CMakeCCompilerId.c" produced "a.out"

The C compiler identification is GNU, found in "/pbs/home/t/tkrizak/supernemo-commissioning/TKEvent/RED_to_TK/build/CMakeFiles/3.20.2/CompilerIdC/a.out"

Compiling the CXX compiler identification source file "CMakeCXXCompilerId.cpp" succeeded.
Compiler: /pbs/software/centos-7-x86_64/gcc/7.3.0/bin/g++ 
Build flags: 
Id flags:  

The output was:
0


Compilation of the CXX compiler identification source "CMakeCXXCompilerId.cpp" produced "a.out"

The CXX compiler identification is GNU, found in "/pbs/home/t/tkrizak/supernemo-commissioning/TKEvent/RED_to_TK/build/CMakeFiles/3.20.2/CompilerIdCXX/a.out"

Detecting C compiler ABI info compiled with the following output:
Change Dir: /pbs/home/t/tkrizak/supernemo-commissioning/TKEvent/RED_to_TK/build/CMakeFiles/CMakeTmp

Run Build Command(s):/usr/bin/gmake -f Makefile cmTC_2e1e5/fast && /usr/bin/gmake  -f CMakeFiles/cmTC_2e1e5.dir/build.make CMakeFiles/cmTC_2e1e5.dir/build
gmake[1]: Entering directory `/pbs/home/t/tkrizak/supernemo-commissioning/TKEvent/RED_to_TK/build/CMakeFiles/CMakeTmp'
Building C object CMakeFiles/cmTC_2e1e5.dir/CMakeCCompilerABI.c.o
/pbs/software/centos-7-x86_64/gcc/7.3.0/bin/gcc   -v -o CMakeFiles/cmTC_2e1e5.dir/CMakeCCompilerABI.c.o -c /pbs/software/centos-7-x86_64/cmake/3.20.2/share/cmake-3.20/Modules/CMakeCCompilerABI.c
Using built-in specs.
COLLECT_GCC=/pbs/software/centos-7-x86_64/gcc/7.3.0/bin/gcc
Target: x86_64-pc-linux-gnu
Configured with: ../configure --prefix=/pbs/software/centos-7-x86_64/gcc/7.3.0 --enable-shared --enable-threads=posix --disable-multilib
Thread model: posix
gcc version 7.3.0 (GCC) 
COLLECT_GCC_OPTIONS='-v' '-o' 'CMakeFiles/cmTC_2e1e5.dir/CMakeCCompilerABI.c.o' '-c' '-mtune=generic' '-march=x86-64'
 /pbs/software/centos-7-x86_64/gcc/7.3.0/libexec/gcc/x86_64-pc-linux-gnu/7.3.0/cc1 -quiet -v /pbs/software/centos-7-x86_64/cmake/3.20.2/share/cmake-3.20/Modules/CMakeCCompilerABI.c -quiet -dumpbase CMakeCCompilerABI.c -mtune=generic -march=x86-64 -auxbase-strip CMakeFiles/cmTC_2e1e5.dir/CMakeCCompilerABI.c.o -version -o /scratch/users/t/tkrizak/ccEHoNXF.s
GNU C11 (GCC) version 7.3.0 (x86_64-pc-linux-gnu)
	compiled by GNU C version 7.3.0, GMP version 6.1.0, MPFR version 3.1.4, MPC version 1.0.3, isl version isl-0.16.1-GMP

GGC heuristics: --param ggc-min-expand=100 --param ggc-min-heapsize=131072
ignoring nonexistent directory "/pbs/software/centos-7-x86_64/gcc/7.3.0/lib/gcc/x86_64-pc-linux-gnu/7.3.0/../../../../x86_64-pc-linux-gnu/include"
#include "..." search starts here:
#include <...> search starts here:
 /pbs/software/centos-7-x86_64/gcc/7.3.0/lib/gcc/x86_64-pc-linux-gnu/7.3.0/include
 /usr/local/include
 /pbs/software/centos-7-x86_64/gcc/7.3.0/include
 /pbs/software/centos-7-x86_64/gcc/7.3.0/lib/gcc/x86_64-pc-linux-gnu/7.3.0/include-fixed
 /usr/include
End of search list.
GNU C11 (GCC) version 7.3.0 (x86_64-pc-linux-gnu)
	compiled by GNU C version 7.3.0, GMP version 6.1.0, MPFR version 3.1.4, MPC version 1.0.3, isl version isl-0.16.1-GMP

GGC heuristics: --param ggc-min-expand=100 --param ggc-min-heapsize=131072
Compiler executable checksum: 646f4635ca5f9c40b0d831392db9ba01
COLLECT_GCC_OPTIONS='-v' '-o' 'CMakeFiles/cmTC_2e1e5.dir/CMakeCCompilerABI.c.o' '-c' '-mtune=generic' '-march=x86-64'
 as -v --64 -o CMakeFiles/cmTC_2e1e5.dir/CMakeCCompilerABI.c.o /scratch/users/t/tkrizak/ccEHoNXF.s
GNU assembler version 2.27 (x86_64-redhat-linux) using BFD version version 2.27-44.base.el7_9.1
COMPILER_PATH=/pbs/software/centos-7-x86_64/gcc/7.3.0/libexec/gcc/x86_64-pc-linux-gnu/7.3.0/:/pbs/software/centos-7-x86_64/gcc/7.3.0/libexec/gcc/x86_64-pc-linux-gnu/7.3.0/:/pbs/software/centos-7-x86_64/gcc/7.3.0/libexec/gcc/x86_64-pc-linux-gnu/:/pbs/software/centos-7-x86_64/gcc/7.3.0/lib/gcc/x86_64-pc-linux-gnu/7.3.0/:/pbs/software/centos-7-x86_64/gcc/7.3.0/lib/gcc/x86_64-pc-linux-gnu/
LIBRARY_PATH=/pbs/software/centos-7-x86_64/gcc/7.3.0/lib/gcc/x86_64-pc-linux-gnu/7.3.0/:/pbs/software/centos-7-x86_64/gcc/7.3.0/lib/gcc/x86_64-pc-linux-gnu/7.3.0/../../../../lib64/:/lib/../lib64/:/usr/lib/../lib64/:/pbs/software/centos-7-x86_64/gcc/7.3.0/lib/gcc/x86_64-pc-linux-gnu/7.3.0/../../../:/lib/:/usr/lib/
COLLECT_GCC_OPTIONS='-v' '-o' 'CMakeFiles/cmTC_2e1e5.dir/CMakeCCompilerABI.c.o' '-c' '-mtune=generic' '-march=x86-64'
Linking C executable cmTC_2e1e5
/pbs/software/centos-7-x86_64/cmake/3.20.2/bin/cmake -E cmake_link_script CMakeFiles/cmTC_2e1e5.dir/link.txt --verbose=1
/pbs/software/centos-7-x86_64/gcc/7.3.0/bin/gcc -L/pbs/software/centos-7-x86_64/python/2.7.15/lib -v -rdynamic CMakeFiles/cmTC_2e1e5.dir/CMakeCCompilerABI.c.o -o cmTC_2e1e5 
Using built-in specs.
COLLECT_GCC=/pbs/software/centos-7-x86_64/gcc/7.3.0/bin/gcc
COLLECT_LTO_WRAPPER=/pbs/software/centos-7-x86_64/gcc/7.3.0/libexec/gcc/x86_64-pc-linux-gnu/7.3.0/lto-wrapper
Target: x86_64-pc-linux-gnu
Configured with: ../configure --prefix=/pbs/software/centos-7-x86_64/gcc/7.3.0 --enable-shared --enable-threads=posix --disable-multilib
Thread model: posix
gcc version 7.3.0 (GCC) 
COMPILER_PATH=/pbs/software/centos-7-x86_64/gcc/7.3.0/libexec/gcc/x86_64-pc-linux-gnu/7.3.0/:/pbs/software/centos-7-x86_64/gcc/7.3.0/libexec/gcc/x86_64-pc-linux-gnu/7.3.0/:/pbs/software/centos-7-x86_64/gcc/7.3.0/libexec/gcc/x86_64-pc-linux-gnu/:/pbs/software/centos-7-x86_64/gcc/7.3.0/lib/gcc/x86_64-pc-linux-gnu/7.3.0/:/pbs/software/centos-7-x86_64/gcc/7.3.0/lib/gcc/x86_64-pc-linux-gnu/
LIBRARY_PATH=/pbs/software/centos-7-x86_64/gcc/7.3.0/lib/gcc/x86_64-pc-linux-gnu/7.3.0/:/pbs/software/centos-7-x86_64/gcc/7.3.0/lib/gcc/x86_64-pc-linux-gnu/7.3.0/../../../../lib64/:/lib/../lib64/:/usr/lib/../lib64/:/pbs/software/centos-7-x86_64/gcc/7.3.0/lib/gcc/x86_64-pc-linux-gnu/7.3.0/../../../:/lib/:/usr/lib/
COLLECT_GCC_OPTIONS='-L/pbs/software/centos-7-x86_64/python/2.7.15/lib' '-v' '-rdynamic' '-o' 'cmTC_2e1e5' '-mtune=generic' '-march=x86-64'
 /pbs/software/centos-7-x86_64/gcc/7.3.0/libexec/gcc/x86_64-pc-linux-gnu/7.3.0/collect2 -plugin /pbs/software/centos-7-x86_64/gcc/7.3.0/libexec/gcc/x86_64-pc-linux-gnu/7.3.0/liblto_plugin.so -plugin-opt=/pbs/software/centos-7-x86_64/gcc/7.3.0/libexec/gcc/x86_64-pc-linux-gnu/7.3.0/lto-wrapper -plugin-opt=-fresolution=/scratch/users/t/tkrizak/ccqNicAJ.res -plugin-opt=-pass-through=-lgcc -plugin-opt=-pass-through=-lgcc_s -plugin-opt=-pass-through=-lc -plugin-opt=-pass-through=-lgcc -plugin-opt=-pass-through=-lgcc_s --eh-frame-hdr -m elf_x86_64 -export-dynamic -dynamic-linker /lib64/ld-linux-x86-64.so.2 -o cmTC_2e1e5 /lib/../lib64/crt1.o /lib/../lib64/crti.o /pbs/software/centos-7-x86_64/gcc/7.3.0/lib/gcc/x86_64-pc-linux-gnu/7.3.0/crtbegin.o -L/pbs/software/centos-7-x86_64/python/2.7.15/lib -L/pbs/software/centos-7-x86_64/gcc/7.3.0/lib/gcc/x86_64-pc-linux-gnu/7.3.0 -L/pbs/software/centos-7-x86_64/gcc/7.3.0/lib/gcc/x86_64-pc-linux-gnu/7.3.0/../../../../lib64 -L/lib/../lib64 -L/usr/lib/../lib64 -L/pbs/software/centos-7-x86_64/gcc/7.3.0/lib/gcc/x86_64-pc-linux-gnu/7.3.0/../../.. CMakeFiles/cmTC_2e1e5.dir/CMakeCCompilerABI.c.o -lgcc --as-needed -lgcc_s --no-as-needed -lc -lgcc --as-needed -lgcc_s --no-as-needed /pbs/software/centos-7-x86_64/gcc/7.3.0/lib/gcc/x86_64-pc-linux-gnu/7.3.0/crtend.o /lib/../lib64/crtn.o
COLLECT_GCC_OPTIONS='-L/pbs/software/centos-7-x86_64/python/2.7.15/lib' '-v' '-rdynamic' '-o' 'cmTC_2e1e5' '-mtune=generic' '-march=x86-64'
gmake[1]: Leaving directory `/pbs/home/t/tkrizak/supernemo-commissioning/TKEvent/RED_to_TK/build/CMakeFiles/CMakeTmp'



Parsed C implicit include dir info from above output: rv=done
  found start of include info
  found start of implicit include info
    add: [/pbs/software/centos-7-x86_64/gcc/7.3.0/lib/gcc/x86_64-pc-linux-gnu/7.3.0/include]
    add: [/usr/local/include]
    add: [/pbs/software/centos-7-x86_64/gcc/7.3.0/include]
    add: [/pbs/software/centos-7-x86_64/gcc/7.3.0/lib/gcc/x86_64-pc-linux-gnu/7.3.0/include-fixed]
    add: [/usr/include]
  end of search list found
  collapse include dir [/pbs/software/centos-7-x86_64/gcc/7.3.0/lib/gcc/x86_64-pc-linux-gnu/7.3.0/include] ==> [/pbs/software/centos-7-x86_64/gcc/7.3.0/lib/gcc/x86_64-pc-linux-gnu/7.3.0/include]
  collapse include dir [/usr/local/include] ==> [/usr/local/include]
  collapse include dir [/pbs/software/centos-7-x86_64/gcc/7.3.0/include] ==> [/pbs/software/centos-7-x86_64/gcc/7.3.0/include]
  collapse include dir [/pbs/software/centos-7-x86_64/gcc/7.3.0/lib/gcc/x86_64-pc-linux-gnu/7.3.0/include-fixed] ==> [/pbs/software/centos-7-x86_64/gcc/7.3.0/lib/gcc/x86_64-pc-linux-gnu/7.3.0/include-fixed]
  collapse include dir [/usr/include] ==> [/usr/include]
  implicit include dirs: [/pbs/software/centos-7-x86_64/gcc/7.3.0/lib/gcc/x86_64-pc-linux-gnu/7.3.0/include;/usr/local/include;/pbs/software/centos-7-x86_64/gcc/7.3.0/include;/pbs/software/centos-7-x86_64/gcc/7.3.0/lib/gcc/x86_64-pc-linux-gnu/7.3.0/include-fixed;/usr/include]


Parsed C implicit link information from above output:
  link line regex: [^( *|.*[/\])(ld|CMAKE_LINK_STARTFILE-NOTFOUND|([^/\]+-)?ld|collect2)[^/\]*( |$)]
  ignore line: [Change Dir: /pbs/home/t/tkrizak/supernemo-commissioning/TKEvent/RED_to_TK/build/CMakeFiles/CMakeTmp]
  ignore line: []
  ignore line: [Run Build Command(s):/usr/bin/gmake -f Makefile cmTC_2e1e5/fast && /usr/bin/gmake  -f CMakeFiles/cmTC_2e1e5.dir/build.make CMakeFiles/cmTC_2e1e5.dir/build]
  ignore line: [gmake[1]: Entering directory `/pbs/home/t/tkrizak/supernemo-commissioning/TKEvent/RED_to_TK/build/CMakeFiles/CMakeTmp']
  ignore line: [Building C object CMakeFiles/cmTC_2e1e5.dir/CMakeCCompilerABI.c.o]
  ignore line: [/pbs/software/centos-7-x86_64/gcc/7.3.0/bin/gcc   -v -o CMakeFiles/cmTC_2e1e5.dir/CMakeCCompilerABI.c.o -c /pbs/software/centos-7-x86_64/cmake/3.20.2/share/cmake-3.20/Modules/CMakeCCompilerABI.c]
  ignore line: [Using built-in specs.]
  ignore line: [COLLECT_GCC=/pbs/software/centos-7-x86_64/gcc/7.3.0/bin/gcc]
  ignore line: [Target: x86_64-pc-linux-gnu]
  ignore line: [Configured with: ../configure --prefix=/pbs/software/centos-7-x86_64/gcc/7.3.0 --enable-shared --enable-threads=posix --disable-multilib]
  ignore line: [Thread model: posix]
  ignore line: [gcc version 7.3.0 (GCC) ]
  ignore line: [COLLECT_GCC_OPTIONS='-v' '-o' 'CMakeFiles/cmTC_2e1e5.dir/CMakeCCompilerABI.c.o' '-c' '-mtune=generic' '-march=x86-64']
  ignore line: [ /pbs/software/centos-7-x86_64/gcc/7.3.0/libexec/gcc/x86_64-pc-linux-gnu/7.3.0/cc1 -quiet -v /pbs/software/centos-7-x86_64/cmake/3.20.2/share/cmake-3.20/Modules/CMakeCCompilerABI.c -quiet -dumpbase CMakeCCompilerABI.c -mtune=generic -march=x86-64 -auxbase-strip CMakeFiles/cmTC_2e1e5.dir/CMakeCCompilerABI.c.o -version -o /scratch/users/t/tkrizak/ccEHoNXF.s]
  ignore line: [GNU C11 (GCC) version 7.3.0 (x86_64-pc-linux-gnu)]
  ignore line: [	compiled by GNU C version 7.3.0  GMP version 6.1.0  MPFR version 3.1.4  MPC version 1.0.3  isl version isl-0.16.1-GMP]
  ignore line: []
  ignore line: [GGC heuristics: --param ggc-min-expand=100 --param ggc-min-heapsize=131072]
  ignore line: [ignoring nonexistent directory "/pbs/software/centos-7-x86_64/gcc/7.3.0/lib/gcc/x86_64-pc-linux-gnu/7.3.0/../../../../x86_64-pc-linux-gnu/include"]
  ignore line: [#include "..." search starts here:]
  ignore line: [#include <...> search starts here:]
  ignore line: [ /pbs/software/centos-7-x86_64/gcc/7.3.0/lib/gcc/x86_64-pc-linux-gnu/7.3.0/include]
  ignore line: [ /usr/local/include]
  ignore line: [ /pbs/software/centos-7-x86_64/gcc/7.3.0/include]
  ignore line: [ /pbs/software/centos-7-x86_64/gcc/7.3.0/lib/gcc/x86_64-pc-linux-gnu/7.3.0/include-fixed]
  ignore line: [ /usr/include]
  ignore line: [End of search list.]
  ignore line: [GNU C11 (GCC) version 7.3.0 (x86_64-pc-linux-gnu)]
  ignore line: [	compiled by GNU C version 7.3.0  GMP version 6.1.0  MPFR version 3.1.4  MPC version 1.0.3  isl version isl-0.16.1-GMP]
  ignore line: []
  ignore line: [GGC heuristics: --param ggc-min-expand=100 --param ggc-min-heapsize=131072]
  ignore line: [Compiler executable checksum: 646f4635ca5f9c40b0d831392db9ba01]
  ignore line: [COLLECT_GCC_OPTIONS='-v' '-o' 'CMakeFiles/cmTC_2e1e5.dir/CMakeCCompilerABI.c.o' '-c' '-mtune=generic' '-march=x86-64']
  ignore line: [ as -v --64 -o CMakeFiles/cmTC_2e1e5.dir/CMakeCCompilerABI.c.o /scratch/users/t/tkrizak/ccEHoNXF.s]
  ignore line: [GNU assembler version 2.27 (x86_64-redhat-linux) using BFD version version 2.27-44.base.el7_9.1]
  ignore line: [COMPILER_PATH=/pbs/software/centos-7-x86_64/gcc/7.3.0/libexec/gcc/x86_64-pc-linux-gnu/7.3.0/:/pbs/software/centos-7-x86_64/gcc/7.3.0/libexec/gcc/x86_64-pc-linux-gnu/7.3.0/:/pbs/software/centos-7-x86_64/gcc/7.3.0/libexec/gcc/x86_64-pc-linux-gnu/:/pbs/software/centos-7-x86_64/gcc/7.3.0/lib/gcc/x86_64-pc-linux-gnu/7.3.0/:/pbs/software/centos-7-x86_64/gcc/7.3.0/lib/gcc/x86_64-pc-linux-gnu/]
  ignore line: [LIBRARY_PATH=/pbs/software/centos-7-x86_64/gcc/7.3.0/lib/gcc/x86_64-pc-linux-gnu/7.3.0/:/pbs/software/centos-7-x86_64/gcc/7.3.0/lib/gcc/x86_64-pc-linux-gnu/7.3.0/../../../../lib64/:/lib/../lib64/:/usr/lib/../lib64/:/pbs/software/centos-7-x86_64/gcc/7.3.0/lib/gcc/x86_64-pc-linux-gnu/7.3.0/../../../:/lib/:/usr/lib/]
  ignore line: [COLLECT_GCC_OPTIONS='-v' '-o' 'CMakeFiles/cmTC_2e1e5.dir/CMakeCCompilerABI.c.o' '-c' '-mtune=generic' '-march=x86-64']
  ignore line: [Linking C executable cmTC_2e1e5]
  ignore line: [/pbs/software/centos-7-x86_64/cmake/3.20.2/bin/cmake -E cmake_link_script CMakeFiles/cmTC_2e1e5.dir/link.txt --verbose=1]
  ignore line: [/pbs/software/centos-7-x86_64/gcc/7.3.0/bin/gcc -L/pbs/software/centos-7-x86_64/python/2.7.15/lib -v -rdynamic CMakeFiles/cmTC_2e1e5.dir/CMakeCCompilerABI.c.o -o cmTC_2e1e5 ]
  ignore line: [Using built-in specs.]
  ignore line: [COLLECT_GCC=/pbs/software/centos-7-x86_64/gcc/7.3.0/bin/gcc]
  ignore line: [COLLECT_LTO_WRAPPER=/pbs/software/centos-7-x86_64/gcc/7.3.0/libexec/gcc/x86_64-pc-linux-gnu/7.3.0/lto-wrapper]
  ignore line: [Target: x86_64-pc-linux-gnu]
  ignore line: [Configured with: ../configure --prefix=/pbs/software/centos-7-x86_64/gcc/7.3.0 --enable-shared --enable-threads=posix --disable-multilib]
  ignore line: [Thread model: posix]
  ignore line: [gcc version 7.3.0 (GCC) ]
  ignore line: [COMPILER_PATH=/pbs/software/centos-7-x86_64/gcc/7.3.0/libexec/gcc/x86_64-pc-linux-gnu/7.3.0/:/pbs/software/centos-7-x86_64/gcc/7.3.0/libexec/gcc/x86_64-pc-linux-gnu/7.3.0/:/pbs/software/centos-7-x86_64/gcc/7.3.0/libexec/gcc/x86_64-pc-linux-gnu/:/pbs/software/centos-7-x86_64/gcc/7.3.0/lib/gcc/x86_64-pc-linux-gnu/7.3.0/:/pbs/software/centos-7-x86_64/gcc/7.3.0/lib/gcc/x86_64-pc-linux-gnu/]
  ignore line: [LIBRARY_PATH=/pbs/software/centos-7-x86_64/gcc/7.3.0/lib/gcc/x86_64-pc-linux-gnu/7.3.0/:/pbs/software/centos-7-x86_64/gcc/7.3.0/lib/gcc/x86_64-pc-linux-gnu/7.3.0/../../../../lib64/:/lib/../lib64/:/usr/lib/../lib64/:/pbs/software/centos-7-x86_64/gcc/7.3.0/lib/gcc/x86_64-pc-linux-gnu/7.3.0/../../../:/lib/:/usr/lib/]
  ignore line: [COLLECT_GCC_OPTIONS='-L/pbs/software/centos-7-x86_64/python/2.7.15/lib' '-v' '-rdynamic' '-o' 'cmTC_2e1e5' '-mtune=generic' '-march=x86-64']
  link line: [ /pbs/software/centos-7-x86_64/gcc/7.3.0/libexec/gcc/x86_64-pc-linux-gnu/7.3.0/collect2 -plugin /pbs/software/centos-7-x86_64/gcc/7.3.0/libexec/gcc/x86_64-pc-linux-gnu/7.3.0/liblto_plugin.so -plugin-opt=/pbs/software/centos-7-x86_64/gcc/7.3.0/libexec/gcc/x86_64-pc-linux-gnu/7.3.0/lto-wrapper -plugin-opt=-fresolution=/scratch/users/t/tkrizak/ccqNicAJ.res -plugin-opt=-pass-through=-lgcc -plugin-opt=-pass-through=-lgcc_s -plugin-opt=-pass-through=-lc -plugin-opt=-pass-through=-lgcc -plugin-opt=-pass-through=-lgcc_s --eh-frame-hdr -m elf_x86_64 -export-dynamic -dynamic-linker /lib64/ld-linux-x86-64.so.2 -o cmTC_2e1e5 /lib/../lib64/crt1.o /lib/../lib64/crti.o /pbs/software/centos-7-x86_64/gcc/7.3.0/lib/gcc/x86_64-pc-linux-gnu/7.3.0/crtbegin.o -L/pbs/software/centos-7-x86_64/python/2.7.15/lib -L/pbs/software/centos-7-x86_64/gcc/7.3.0/lib/gcc/x86_64-pc-linux-gnu/7.3.0 -L/pbs/software/centos-7-x86_64/gcc/7.3.0/lib/gcc/x86_64-pc-linux-gnu/7.3.0/../../../../lib64 -L/lib/../lib64 -L/usr/lib/../lib64 -L/pbs/software/centos-7-x86_64/gcc/7.3.0/lib/gcc/x86_64-pc-linux-gnu/7.3.0/../../.. CMakeFiles/cmTC_2e1e5.dir/CMakeCCompilerABI.c.o -lgcc --as-needed -lgcc_s --no-as-needed -lc -lgcc --as-needed -lgcc_s --no-as-needed /pbs/software/centos-7-x86_64/gcc/7.3.0/lib/gcc/x86_64-pc-linux-gnu/7.3.0/crtend.o /lib/../lib64/crtn.o]
    arg [/pbs/software/centos-7-x86_64/gcc/7.3.0/libexec/gcc/x86_64-pc-linux-gnu/7.3.0/collect2] ==> ignore
    arg [-plugin] ==> ignore
    arg [/pbs/software/centos-7-x86_64/gcc/7.3.0/libexec/gcc/x86_64-pc-linux-gnu/7.3.0/liblto_plugin.so] ==> ignore
    arg [-plugin-opt=/pbs/software/centos-7-x86_64/gcc/7.3.0/libexec/gcc/x86_64-pc-linux-gnu/7.3.0/lto-wrapper] ==> ignore
    arg [-plugin-opt=-fresolution=/scratch/users/t/tkrizak/ccqNicAJ.res] ==> ignore
    arg [-plugin-opt=-pass-through=-lgcc] ==> ignore
    arg [-plugin-opt=-pass-through=-lgcc_s] ==> ignore
    arg [-plugin-opt=-pass-through=-lc] ==> ignore
    arg [-plugin-opt=-pass-through=-lgcc] ==> ignore
    arg [-plugin-opt=-pass-through=-lgcc_s] ==> ignore
    arg [--eh-frame-hdr] ==> ignore
    arg [-m] ==> ignore
    arg [elf_x86_64] ==> ignore
    arg [-export-dynamic] ==> ignore
    arg [-dynamic-linker] ==> ignore
    arg [/lib64/ld-linux-x86-64.so.2] ==> ignore
    arg [-o] ==> ignore
    arg [cmTC_2e1e5] ==> ignore
    arg [/lib/../lib64/crt1.o] ==> obj [/lib/../lib64/crt1.o]
    arg [/lib/../lib64/crti.o] ==> obj [/lib/../lib64/crti.o]
    arg [/pbs/software/centos-7-x86_64/gcc/7.3.0/lib/gcc/x86_64-pc-linux-gnu/7.3.0/crtbegin.o] ==> obj [/pbs/software/centos-7-x86_64/gcc/7.3.0/lib/gcc/x86_64-pc-linux-gnu/7.3.0/crtbegin.o]
    arg [-L/pbs/software/centos-7-x86_64/python/2.7.15/lib] ==> dir [/pbs/software/centos-7-x86_64/python/2.7.15/lib]
    arg [-L/pbs/software/centos-7-x86_64/gcc/7.3.0/lib/gcc/x86_64-pc-linux-gnu/7.3.0] ==> dir [/pbs/software/centos-7-x86_64/gcc/7.3.0/lib/gcc/x86_64-pc-linux-gnu/7.3.0]
    arg [-L/pbs/software/centos-7-x86_64/gcc/7.3.0/lib/gcc/x86_64-pc-linux-gnu/7.3.0/../../../../lib64] ==> dir [/pbs/software/centos-7-x86_64/gcc/7.3.0/lib/gcc/x86_64-pc-linux-gnu/7.3.0/../../../../lib64]
    arg [-L/lib/../lib64] ==> dir [/lib/../lib64]
    arg [-L/usr/lib/../lib64] ==> dir [/usr/lib/../lib64]
    arg [-L/pbs/software/centos-7-x86_64/gcc/7.3.0/lib/gcc/x86_64-pc-linux-gnu/7.3.0/../../..] ==> dir [/pbs/software/centos-7-x86_64/gcc/7.3.0/lib/gcc/x86_64-pc-linux-gnu/7.3.0/../../..]
    arg [CMakeFiles/cmTC_2e1e5.dir/CMakeCCompilerABI.c.o] ==> ignore
    arg [-lgcc] ==> lib [gcc]
    arg [--as-needed] ==> ignore
    arg [-lgcc_s] ==> lib [gcc_s]
    arg [--no-as-needed] ==> ignore
    arg [-lc] ==> lib [c]
    arg [-lgcc] ==> lib [gcc]
    arg [--as-needed] ==> ignore
    arg [-lgcc_s] ==> lib [gcc_s]
    arg [--no-as-needed] ==> ignore
    arg [/pbs/software/centos-7-x86_64/gcc/7.3.0/lib/gcc/x86_64-pc-linux-gnu/7.3.0/crtend.o] ==> obj [/pbs/software/centos-7-x86_64/gcc/7.3.0/lib/gcc/x86_64-pc-linux-gnu/7.3.0/crtend.o]
    arg [/lib/../lib64/crtn.o] ==> obj [/lib/../lib64/crtn.o]
  collapse obj [/lib/../lib64/crt1.o] ==> [/lib64/crt1.o]
  collapse obj [/lib/../lib64/crti.o] ==> [/lib64/crti.o]
  collapse obj [/lib/../lib64/crtn.o] ==> [/lib64/crtn.o]
  collapse library dir [/pbs/software/centos-7-x86_64/python/2.7.15/lib] ==> [/pbs/software/centos-7-x86_64/python/2.7.15/lib]
  collapse library dir [/pbs/software/centos-7-x86_64/gcc/7.3.0/lib/gcc/x86_64-pc-linux-gnu/7.3.0] ==> [/pbs/software/centos-7-x86_64/gcc/7.3.0/lib/gcc/x86_64-pc-linux-gnu/7.3.0]
  collapse library dir [/pbs/software/centos-7-x86_64/gcc/7.3.0/lib/gcc/x86_64-pc-linux-gnu/7.3.0/../../../../lib64] ==> [/pbs/software/centos-7-x86_64/gcc/7.3.0/lib64]
  collapse library dir [/lib/../lib64] ==> [/lib64]
  collapse library dir [/usr/lib/../lib64] ==> [/usr/lib64]
  collapse library dir [/pbs/software/centos-7-x86_64/gcc/7.3.0/lib/gcc/x86_64-pc-linux-gnu/7.3.0/../../..] ==> [/pbs/software/centos-7-x86_64/gcc/7.3.0/lib]
  implicit libs: [gcc;gcc_s;c;gcc;gcc_s]
  implicit objs: [/lib64/crt1.o;/lib64/crti.o;/pbs/software/centos-7-x86_64/gcc/7.3.0/lib/gcc/x86_64-pc-linux-gnu/7.3.0/crtbegin.o;/pbs/software/centos-7-x86_64/gcc/7.3.0/lib/gcc/x86_64-pc-linux-gnu/7.3.0/crtend.o;/lib64/crtn.o]
  implicit dirs: [/pbs/software/centos-7-x86_64/python/2.7.15/lib;/pbs/software/centos-7-x86_64/gcc/7.3.0/lib/gcc/x86_64-pc-linux-gnu/7.3.0;/pbs/software/centos-7-x86_64/gcc/7.3.0/lib64;/lib64;/usr/lib64;/pbs/software/centos-7-x86_64/gcc/7.3.0/lib]
  implicit fwks: []


Detecting CXX compiler ABI info compiled with the following output:
Change Dir: /pbs/home/t/tkrizak/supernemo-commissioning/TKEvent/RED_to_TK/build/CMakeFiles/CMakeTmp

Run Build Command(s):/usr/bin/gmake -f Makefile cmTC_5dea3/fast && /usr/bin/gmake  -f CMakeFiles/cmTC_5dea3.dir/build.make CMakeFiles/cmTC_5dea3.dir/build
gmake[1]: Entering directory `/pbs/home/t/tkrizak/supernemo-commissioning/TKEvent/RED_to_TK/build/CMakeFiles/CMakeTmp'
Building CXX object CMakeFiles/cmTC_5dea3.dir/CMakeCXXCompilerABI.cpp.o
/pbs/software/centos-7-x86_64/gcc/7.3.0/bin/g++   -v -o CMakeFiles/cmTC_5dea3.dir/CMakeCXXCompilerABI.cpp.o -c /pbs/software/centos-7-x86_64/cmake/3.20.2/share/cmake-3.20/Modules/CMakeCXXCompilerABI.cpp
Using built-in specs.
COLLECT_GCC=/pbs/software/centos-7-x86_64/gcc/7.3.0/bin/g++
Target: x86_64-pc-linux-gnu
Configured with: ../configure --prefix=/pbs/software/centos-7-x86_64/gcc/7.3.0 --enable-shared --enable-threads=posix --disable-multilib
Thread model: posix
gcc version 7.3.0 (GCC) 
COLLECT_GCC_OPTIONS='-v' '-o' 'CMakeFiles/cmTC_5dea3.dir/CMakeCXXCompilerABI.cpp.o' '-c' '-shared-libgcc' '-mtune=generic' '-march=x86-64'
 /pbs/software/centos-7-x86_64/gcc/7.3.0/libexec/gcc/x86_64-pc-linux-gnu/7.3.0/cc1plus -quiet -v -D_GNU_SOURCE /pbs/software/centos-7-x86_64/cmake/3.20.2/share/cmake-3.20/Modules/CMakeCXXCompilerABI.cpp -quiet -dumpbase CMakeCXXCompilerABI.cpp -mtune=generic -march=x86-64 -auxbase-strip CMakeFiles/cmTC_5dea3.dir/CMakeCXXCompilerABI.cpp.o -version -o /scratch/users/t/tkrizak/ccPILLph.s
GNU C++14 (GCC) version 7.3.0 (x86_64-pc-linux-gnu)
	compiled by GNU C version 7.3.0, GMP version 6.1.0, MPFR version 3.1.4, MPC version 1.0.3, isl version isl-0.16.1-GMP

GGC heuristics: --param ggc-min-expand=100 --param ggc-min-heapsize=131072
ignoring nonexistent directory "/pbs/software/centos-7-x86_64/gcc/7.3.0/lib/gcc/x86_64-pc-linux-gnu/7.3.0/../../../../x86_64-pc-linux-gnu/include"
#include "..." search starts here:
#include <...> search starts here:
 /pbs/software/centos-7-x86_64/gcc/7.3.0/lib/gcc/x86_64-pc-linux-gnu/7.3.0/../../../../include/c++/7.3.0
 /pbs/software/centos-7-x86_64/gcc/7.3.0/lib/gcc/x86_64-pc-linux-gnu/7.3.0/../../../../include/c++/7.3.0/x86_64-pc-linux-gnu
 /pbs/software/centos-7-x86_64/gcc/7.3.0/lib/gcc/x86_64-pc-linux-gnu/7.3.0/../../../../include/c++/7.3.0/backward
 /pbs/software/centos-7-x86_64/gcc/7.3.0/lib/gcc/x86_64-pc-linux-gnu/7.3.0/include
 /usr/local/include
 /pbs/software/centos-7-x86_64/gcc/7.3.0/include
 /pbs/software/centos-7-x86_64/gcc/7.3.0/lib/gcc/x86_64-pc-linux-gnu/7.3.0/include-fixed
 /usr/include
End of search list.
GNU C++14 (GCC) version 7.3.0 (x86_64-pc-linux-gnu)
	compiled by GNU C version 7.3.0, GMP version 6.1.0, MPFR version 3.1.4, MPC version 1.0.3, isl version isl-0.16.1-GMP

GGC heuristics: --param ggc-min-expand=100 --param ggc-min-heapsize=131072
Compiler executable checksum: cf825545d7b97d7f41d0a71520462c28
COLLECT_GCC_OPTIONS='-v' '-o' 'CMakeFiles/cmTC_5dea3.dir/CMakeCXXCompilerABI.cpp.o' '-c' '-shared-libgcc' '-mtune=generic' '-march=x86-64'
 as -v --64 -o CMakeFiles/cmTC_5dea3.dir/CMakeCXXCompilerABI.cpp.o /scratch/users/t/tkrizak/ccPILLph.s
GNU assembler version 2.27 (x86_64-redhat-linux) using BFD version version 2.27-44.base.el7_9.1
COMPILER_PATH=/pbs/software/centos-7-x86_64/gcc/7.3.0/libexec/gcc/x86_64-pc-linux-gnu/7.3.0/:/pbs/software/centos-7-x86_64/gcc/7.3.0/libexec/gcc/x86_64-pc-linux-gnu/7.3.0/:/pbs/software/centos-7-x86_64/gcc/7.3.0/libexec/gcc/x86_64-pc-linux-gnu/:/pbs/software/centos-7-x86_64/gcc/7.3.0/lib/gcc/x86_64-pc-linux-gnu/7.3.0/:/pbs/software/centos-7-x86_64/gcc/7.3.0/lib/gcc/x86_64-pc-linux-gnu/
LIBRARY_PATH=/pbs/software/centos-7-x86_64/gcc/7.3.0/lib/gcc/x86_64-pc-linux-gnu/7.3.0/:/pbs/software/centos-7-x86_64/gcc/7.3.0/lib/gcc/x86_64-pc-linux-gnu/7.3.0/../../../../lib64/:/lib/../lib64/:/usr/lib/../lib64/:/pbs/software/centos-7-x86_64/gcc/7.3.0/lib/gcc/x86_64-pc-linux-gnu/7.3.0/../../../:/lib/:/usr/lib/
COLLECT_GCC_OPTIONS='-v' '-o' 'CMakeFiles/cmTC_5dea3.dir/CMakeCXXCompilerABI.cpp.o' '-c' '-shared-libgcc' '-mtune=generic' '-march=x86-64'
Linking CXX executable cmTC_5dea3
/pbs/software/centos-7-x86_64/cmake/3.20.2/bin/cmake -E cmake_link_script CMakeFiles/cmTC_5dea3.dir/link.txt --verbose=1
/pbs/software/centos-7-x86_64/gcc/7.3.0/bin/g++ -L/pbs/software/centos-7-x86_64/python/2.7.15/lib -v -rdynamic CMakeFiles/cmTC_5dea3.dir/CMakeCXXCompilerABI.cpp.o -o cmTC_5dea3 
Using built-in specs.
COLLECT_GCC=/pbs/software/centos-7-x86_64/gcc/7.3.0/bin/g++
COLLECT_LTO_WRAPPER=/pbs/software/centos-7-x86_64/gcc/7.3.0/libexec/gcc/x86_64-pc-linux-gnu/7.3.0/lto-wrapper
Target: x86_64-pc-linux-gnu
Configured with: ../configure --prefix=/pbs/software/centos-7-x86_64/gcc/7.3.0 --enable-shared --enable-threads=posix --disable-multilib
Thread model: posix
gcc version 7.3.0 (GCC) 
COMPILER_PATH=/pbs/software/centos-7-x86_64/gcc/7.3.0/libexec/gcc/x86_64-pc-linux-gnu/7.3.0/:/pbs/software/centos-7-x86_64/gcc/7.3.0/libexec/gcc/x86_64-pc-linux-gnu/7.3.0/:/pbs/software/centos-7-x86_64/gcc/7.3.0/libexec/gcc/x86_64-pc-linux-gnu/:/pbs/software/centos-7-x86_64/gcc/7.3.0/lib/gcc/x86_64-pc-linux-gnu/7.3.0/:/pbs/software/centos-7-x86_64/gcc/7.3.0/lib/gcc/x86_64-pc-linux-gnu/
LIBRARY_PATH=/pbs/software/centos-7-x86_64/gcc/7.3.0/lib/gcc/x86_64-pc-linux-gnu/7.3.0/:/pbs/software/centos-7-x86_64/gcc/7.3.0/lib/gcc/x86_64-pc-linux-gnu/7.3.0/../../../../lib64/:/lib/../lib64/:/usr/lib/../lib64/:/pbs/software/centos-7-x86_64/gcc/7.3.0/lib/gcc/x86_64-pc-linux-gnu/7.3.0/../../../:/lib/:/usr/lib/
COLLECT_GCC_OPTIONS='-L/pbs/software/centos-7-x86_64/python/2.7.15/lib' '-v' '-rdynamic' '-o' 'cmTC_5dea3' '-shared-libgcc' '-mtune=generic' '-march=x86-64'
 /pbs/software/centos-7-x86_64/gcc/7.3.0/libexec/gcc/x86_64-pc-linux-gnu/7.3.0/collect2 -plugin /pbs/software/centos-7-x86_64/gcc/7.3.0/libexec/gcc/x86_64-pc-linux-gnu/7.3.0/liblto_plugin.so -plugin-opt=/pbs/software/centos-7-x86_64/gcc/7.3.0/libexec/gcc/x86_64-pc-linux-gnu/7.3.0/lto-wrapper -plugin-opt=-fresolution=/scratch/users/t/tkrizak/ccN95fNo.res -plugin-opt=-pass-through=-lgcc_s -plugin-opt=-pass-through=-lgcc -plugin-opt=-pass-through=-lc -plugin-opt=-pass-through=-lgcc_s -plugin-opt=-pass-through=-lgcc --eh-frame-hdr -m elf_x86_64 -export-dynamic -dynamic-linker /lib64/ld-linux-x86-64.so.2 -o cmTC_5dea3 /lib/../lib64/crt1.o /lib/../lib64/crti.o /pbs/software/centos-7-x86_64/gcc/7.3.0/lib/gcc/x86_64-pc-linux-gnu/7.3.0/crtbegin.o -L/pbs/software/centos-7-x86_64/python/2.7.15/lib -L/pbs/software/centos-7-x86_64/gcc/7.3.0/lib/gcc/x86_64-pc-linux-gnu/7.3.0 -L/pbs/software/centos-7-x86_64/gcc/7.3.0/lib/gcc/x86_64-pc-linux-gnu/7.3.0/../../../../lib64 -L/lib/../lib64 -L/usr/lib/../lib64 -L/pbs/software/centos-7-x86_64/gcc/7.3.0/lib/gcc/x86_64-pc-linux-gnu/7.3.0/../../.. CMakeFiles/cmTC_5dea3.dir/CMakeCXXCompilerABI.cpp.o -lstdc++ -lm -lgcc_s -lgcc -lc -lgcc_s -lgcc /pbs/software/centos-7-x86_64/gcc/7.3.0/lib/gcc/x86_64-pc-linux-gnu/7.3.0/crtend.o /lib/../lib64/crtn.o
COLLECT_GCC_OPTIONS='-L/pbs/software/centos-7-x86_64/python/2.7.15/lib' '-v' '-rdynamic' '-o' 'cmTC_5dea3' '-shared-libgcc' '-mtune=generic' '-march=x86-64'
gmake[1]: Leaving directory `/pbs/home/t/tkrizak/supernemo-commissioning/TKEvent/RED_to_TK/build/CMakeFiles/CMakeTmp'



Parsed CXX implicit include dir info from above output: rv=done
  found start of include info
  found start of implicit include info
    add: [/pbs/software/centos-7-x86_64/gcc/7.3.0/lib/gcc/x86_64-pc-linux-gnu/7.3.0/../../../../include/c++/7.3.0]
    add: [/pbs/software/centos-7-x86_64/gcc/7.3.0/lib/gcc/x86_64-pc-linux-gnu/7.3.0/../../../../include/c++/7.3.0/x86_64-pc-linux-gnu]
    add: [/pbs/software/centos-7-x86_64/gcc/7.3.0/lib/gcc/x86_64-pc-linux-gnu/7.3.0/../../../../include/c++/7.3.0/backward]
    add: [/pbs/software/centos-7-x86_64/gcc/7.3.0/lib/gcc/x86_64-pc-linux-gnu/7.3.0/include]
    add: [/usr/local/include]
    add: [/pbs/software/centos-7-x86_64/gcc/7.3.0/include]
    add: [/pbs/software/centos-7-x86_64/gcc/7.3.0/lib/gcc/x86_64-pc-linux-gnu/7.3.0/include-fixed]
    add: [/usr/include]
  end of search list found
  collapse include dir [/pbs/software/centos-7-x86_64/gcc/7.3.0/lib/gcc/x86_64-pc-linux-gnu/7.3.0/../../../../include/c++/7.3.0] ==> [/pbs/software/centos-7-x86_64/gcc/7.3.0/include/c++/7.3.0]
  collapse include dir [/pbs/software/centos-7-x86_64/gcc/7.3.0/lib/gcc/x86_64-pc-linux-gnu/7.3.0/../../../../include/c++/7.3.0/x86_64-pc-linux-gnu] ==> [/pbs/software/centos-7-x86_64/gcc/7.3.0/include/c++/7.3.0/x86_64-pc-linux-gnu]
  collapse include dir [/pbs/software/centos-7-x86_64/gcc/7.3.0/lib/gcc/x86_64-pc-linux-gnu/7.3.0/../../../../include/c++/7.3.0/backward] ==> [/pbs/software/centos-7-x86_64/gcc/7.3.0/include/c++/7.3.0/backward]
  collapse include dir [/pbs/software/centos-7-x86_64/gcc/7.3.0/lib/gcc/x86_64-pc-linux-gnu/7.3.0/include] ==> [/pbs/software/centos-7-x86_64/gcc/7.3.0/lib/gcc/x86_64-pc-linux-gnu/7.3.0/include]
  collapse include dir [/usr/local/include] ==> [/usr/local/include]
  collapse include dir [/pbs/software/centos-7-x86_64/gcc/7.3.0/include] ==> [/pbs/software/centos-7-x86_64/gcc/7.3.0/include]
  collapse include dir [/pbs/software/centos-7-x86_64/gcc/7.3.0/lib/gcc/x86_64-pc-linux-gnu/7.3.0/include-fixed] ==> [/pbs/software/centos-7-x86_64/gcc/7.3.0/lib/gcc/x86_64-pc-linux-gnu/7.3.0/include-fixed]
  collapse include dir [/usr/include] ==> [/usr/include]
  implicit include dirs: [/pbs/software/centos-7-x86_64/gcc/7.3.0/include/c++/7.3.0;/pbs/software/centos-7-x86_64/gcc/7.3.0/include/c++/7.3.0/x86_64-pc-linux-gnu;/pbs/software/centos-7-x86_64/gcc/7.3.0/include/c++/7.3.0/backward;/pbs/software/centos-7-x86_64/gcc/7.3.0/lib/gcc/x86_64-pc-linux-gnu/7.3.0/include;/usr/local/include;/pbs/software/centos-7-x86_64/gcc/7.3.0/include;/pbs/software/centos-7-x86_64/gcc/7.3.0/lib/gcc/x86_64-pc-linux-gnu/7.3.0/include-fixed;/usr/include]


Parsed CXX implicit link information from above output:
  link line regex: [^( *|.*[/\])(ld|CMAKE_LINK_STARTFILE-NOTFOUND|([^/\]+-)?ld|collect2)[^/\]*( |$)]
  ignore line: [Change Dir: /pbs/home/t/tkrizak/supernemo-commissioning/TKEvent/RED_to_TK/build/CMakeFiles/CMakeTmp]
  ignore line: []
  ignore line: [Run Build Command(s):/usr/bin/gmake -f Makefile cmTC_5dea3/fast && /usr/bin/gmake  -f CMakeFiles/cmTC_5dea3.dir/build.make CMakeFiles/cmTC_5dea3.dir/build]
  ignore line: [gmake[1]: Entering directory `/pbs/home/t/tkrizak/supernemo-commissioning/TKEvent/RED_to_TK/build/CMakeFiles/CMakeTmp']
  ignore line: [Building CXX object CMakeFiles/cmTC_5dea3.dir/CMakeCXXCompilerABI.cpp.o]
  ignore line: [/pbs/software/centos-7-x86_64/gcc/7.3.0/bin/g++   -v -o CMakeFiles/cmTC_5dea3.dir/CMakeCXXCompilerABI.cpp.o -c /pbs/software/centos-7-x86_64/cmake/3.20.2/share/cmake-3.20/Modules/CMakeCXXCompilerABI.cpp]
  ignore line: [Using built-in specs.]
  ignore line: [COLLECT_GCC=/pbs/software/centos-7-x86_64/gcc/7.3.0/bin/g++]
  ignore line: [Target: x86_64-pc-linux-gnu]
  ignore line: [Configured with: ../configure --prefix=/pbs/software/centos-7-x86_64/gcc/7.3.0 --enable-shared --enable-threads=posix --disable-multilib]
  ignore line: [Thread model: posix]
  ignore line: [gcc version 7.3.0 (GCC) ]
  ignore line: [COLLECT_GCC_OPTIONS='-v' '-o' 'CMakeFiles/cmTC_5dea3.dir/CMakeCXXCompilerABI.cpp.o' '-c' '-shared-libgcc' '-mtune=generic' '-march=x86-64']
  ignore line: [ /pbs/software/centos-7-x86_64/gcc/7.3.0/libexec/gcc/x86_64-pc-linux-gnu/7.3.0/cc1plus -quiet -v -D_GNU_SOURCE /pbs/software/centos-7-x86_64/cmake/3.20.2/share/cmake-3.20/Modules/CMakeCXXCompilerABI.cpp -quiet -dumpbase CMakeCXXCompilerABI.cpp -mtune=generic -march=x86-64 -auxbase-strip CMakeFiles/cmTC_5dea3.dir/CMakeCXXCompilerABI.cpp.o -version -o /scratch/users/t/tkrizak/ccPILLph.s]
  ignore line: [GNU C++14 (GCC) version 7.3.0 (x86_64-pc-linux-gnu)]
  ignore line: [	compiled by GNU C version 7.3.0  GMP version 6.1.0  MPFR version 3.1.4  MPC version 1.0.3  isl version isl-0.16.1-GMP]
  ignore line: []
  ignore line: [GGC heuristics: --param ggc-min-expand=100 --param ggc-min-heapsize=131072]
  ignore line: [ignoring nonexistent directory "/pbs/software/centos-7-x86_64/gcc/7.3.0/lib/gcc/x86_64-pc-linux-gnu/7.3.0/../../../../x86_64-pc-linux-gnu/include"]
  ignore line: [#include "..." search starts here:]
  ignore line: [#include <...> search starts here:]
  ignore line: [ /pbs/software/centos-7-x86_64/gcc/7.3.0/lib/gcc/x86_64-pc-linux-gnu/7.3.0/../../../../include/c++/7.3.0]
  ignore line: [ /pbs/software/centos-7-x86_64/gcc/7.3.0/lib/gcc/x86_64-pc-linux-gnu/7.3.0/../../../../include/c++/7.3.0/x86_64-pc-linux-gnu]
  ignore line: [ /pbs/software/centos-7-x86_64/gcc/7.3.0/lib/gcc/x86_64-pc-linux-gnu/7.3.0/../../../../include/c++/7.3.0/backward]
  ignore line: [ /pbs/software/centos-7-x86_64/gcc/7.3.0/lib/gcc/x86_64-pc-linux-gnu/7.3.0/include]
  ignore line: [ /usr/local/include]
  ignore line: [ /pbs/software/centos-7-x86_64/gcc/7.3.0/include]
  ignore line: [ /pbs/software/centos-7-x86_64/gcc/7.3.0/lib/gcc/x86_64-pc-linux-gnu/7.3.0/include-fixed]
  ignore line: [ /usr/include]
  ignore line: [End of search list.]
  ignore line: [GNU C++14 (GCC) version 7.3.0 (x86_64-pc-linux-gnu)]
  ignore line: [	compiled by GNU C version 7.3.0  GMP version 6.1.0  MPFR version 3.1.4  MPC version 1.0.3  isl version isl-0.16.1-GMP]
  ignore line: []
  ignore line: [GGC heuristics: --param ggc-min-expand=100 --param ggc-min-heapsize=131072]
  ignore line: [Compiler executable checksum: cf825545d7b97d7f41d0a71520462c28]
  ignore line: [COLLECT_GCC_OPTIONS='-v' '-o' 'CMakeFiles/cmTC_5dea3.dir/CMakeCXXCompilerABI.cpp.o' '-c' '-shared-libgcc' '-mtune=generic' '-march=x86-64']
  ignore line: [ as -v --64 -o CMakeFiles/cmTC_5dea3.dir/CMakeCXXCompilerABI.cpp.o /scratch/users/t/tkrizak/ccPILLph.s]
  ignore line: [GNU assembler version 2.27 (x86_64-redhat-linux) using BFD version version 2.27-44.base.el7_9.1]
  ignore line: [COMPILER_PATH=/pbs/software/centos-7-x86_64/gcc/7.3.0/libexec/gcc/x86_64-pc-linux-gnu/7.3.0/:/pbs/software/centos-7-x86_64/gcc/7.3.0/libexec/gcc/x86_64-pc-linux-gnu/7.3.0/:/pbs/software/centos-7-x86_64/gcc/7.3.0/libexec/gcc/x86_64-pc-linux-gnu/:/pbs/software/centos-7-x86_64/gcc/7.3.0/lib/gcc/x86_64-pc-linux-gnu/7.3.0/:/pbs/software/centos-7-x86_64/gcc/7.3.0/lib/gcc/x86_64-pc-linux-gnu/]
  ignore line: [LIBRARY_PATH=/pbs/software/centos-7-x86_64/gcc/7.3.0/lib/gcc/x86_64-pc-linux-gnu/7.3.0/:/pbs/software/centos-7-x86_64/gcc/7.3.0/lib/gcc/x86_64-pc-linux-gnu/7.3.0/../../../../lib64/:/lib/../lib64/:/usr/lib/../lib64/:/pbs/software/centos-7-x86_64/gcc/7.3.0/lib/gcc/x86_64-pc-linux-gnu/7.3.0/../../../:/lib/:/usr/lib/]
  ignore line: [COLLECT_GCC_OPTIONS='-v' '-o' 'CMakeFiles/cmTC_5dea3.dir/CMakeCXXCompilerABI.cpp.o' '-c' '-shared-libgcc' '-mtune=generic' '-march=x86-64']
  ignore line: [Linking CXX executable cmTC_5dea3]
  ignore line: [/pbs/software/centos-7-x86_64/cmake/3.20.2/bin/cmake -E cmake_link_script CMakeFiles/cmTC_5dea3.dir/link.txt --verbose=1]
  ignore line: [/pbs/software/centos-7-x86_64/gcc/7.3.0/bin/g++ -L/pbs/software/centos-7-x86_64/python/2.7.15/lib -v -rdynamic CMakeFiles/cmTC_5dea3.dir/CMakeCXXCompilerABI.cpp.o -o cmTC_5dea3 ]
  ignore line: [Using built-in specs.]
  ignore line: [COLLECT_GCC=/pbs/software/centos-7-x86_64/gcc/7.3.0/bin/g++]
  ignore line: [COLLECT_LTO_WRAPPER=/pbs/software/centos-7-x86_64/gcc/7.3.0/libexec/gcc/x86_64-pc-linux-gnu/7.3.0/lto-wrapper]
  ignore line: [Target: x86_64-pc-linux-gnu]
  ignore line: [Configured with: ../configure --prefix=/pbs/software/centos-7-x86_64/gcc/7.3.0 --enable-shared --enable-threads=posix --disable-multilib]
  ignore line: [Thread model: posix]
  ignore line: [gcc version 7.3.0 (GCC) ]
  ignore line: [COMPILER_PATH=/pbs/software/centos-7-x86_64/gcc/7.3.0/libexec/gcc/x86_64-pc-linux-gnu/7.3.0/:/pbs/software/centos-7-x86_64/gcc/7.3.0/libexec/gcc/x86_64-pc-linux-gnu/7.3.0/:/pbs/software/centos-7-x86_64/gcc/7.3.0/libexec/gcc/x86_64-pc-linux-gnu/:/pbs/software/centos-7-x86_64/gcc/7.3.0/lib/gcc/x86_64-pc-linux-gnu/7.3.0/:/pbs/software/centos-7-x86_64/gcc/7.3.0/lib/gcc/x86_64-pc-linux-gnu/]
  ignore line: [LIBRARY_PATH=/pbs/software/centos-7-x86_64/gcc/7.3.0/lib/gcc/x86_64-pc-linux-gnu/7.3.0/:/pbs/software/centos-7-x86_64/gcc/7.3.0/lib/gcc/x86_64-pc-linux-gnu/7.3.0/../../../../lib64/:/lib/../lib64/:/usr/lib/../lib64/:/pbs/software/centos-7-x86_64/gcc/7.3.0/lib/gcc/x86_64-pc-linux-gnu/7.3.0/../../../:/lib/:/usr/lib/]
  ignore line: [COLLECT_GCC_OPTIONS='-L/pbs/software/centos-7-x86_64/python/2.7.15/lib' '-v' '-rdynamic' '-o' 'cmTC_5dea3' '-shared-libgcc' '-mtune=generic' '-march=x86-64']
  link line: [ /pbs/software/centos-7-x86_64/gcc/7.3.0/libexec/gcc/x86_64-pc-linux-gnu/7.3.0/collect2 -plugin /pbs/software/centos-7-x86_64/gcc/7.3.0/libexec/gcc/x86_64-pc-linux-gnu/7.3.0/liblto_plugin.so -plugin-opt=/pbs/software/centos-7-x86_64/gcc/7.3.0/libexec/gcc/x86_64-pc-linux-gnu/7.3.0/lto-wrapper -plugin-opt=-fresolution=/scratch/users/t/tkrizak/ccN95fNo.res -plugin-opt=-pass-through=-lgcc_s -plugin-opt=-pass-through=-lgcc -plugin-opt=-pass-through=-lc -plugin-opt=-pass-through=-lgcc_s -plugin-opt=-pass-through=-lgcc --eh-frame-hdr -m elf_x86_64 -export-dynamic -dynamic-linker /lib64/ld-linux-x86-64.so.2 -o cmTC_5dea3 /lib/../lib64/crt1.o /lib/../lib64/crti.o /pbs/software/centos-7-x86_64/gcc/7.3.0/lib/gcc/x86_64-pc-linux-gnu/7.3.0/crtbegin.o -L/pbs/software/centos-7-x86_64/python/2.7.15/lib -L/pbs/software/centos-7-x86_64/gcc/7.3.0/lib/gcc/x86_64-pc-linux-gnu/7.3.0 -L/pbs/software/centos-7-x86_64/gcc/7.3.0/lib/gcc/x86_64-pc-linux-gnu/7.3.0/../../../../lib64 -L/lib/../lib64 -L/usr/lib/../lib64 -L/pbs/software/centos-7-x86_64/gcc/7.3.0/lib/gcc/x86_64-pc-linux-gnu/7.3.0/../../.. CMakeFiles/cmTC_5dea3.dir/CMakeCXXCompilerABI.cpp.o -lstdc++ -lm -lgcc_s -lgcc -lc -lgcc_s -lgcc /pbs/software/centos-7-x86_64/gcc/7.3.0/lib/gcc/x86_64-pc-linux-gnu/7.3.0/crtend.o /lib/../lib64/crtn.o]
    arg [/pbs/software/centos-7-x86_64/gcc/7.3.0/libexec/gcc/x86_64-pc-linux-gnu/7.3.0/collect2] ==> ignore
    arg [-plugin] ==> ignore
    arg [/pbs/software/centos-7-x86_64/gcc/7.3.0/libexec/gcc/x86_64-pc-linux-gnu/7.3.0/liblto_plugin.so] ==> ignore
    arg [-plugin-opt=/pbs/software/centos-7-x86_64/gcc/7.3.0/libexec/gcc/x86_64-pc-linux-gnu/7.3.0/lto-wrapper] ==> ignore
    arg [-plugin-opt=-fresolution=/scratch/users/t/tkrizak/ccN95fNo.res] ==> ignore
    arg [-plugin-opt=-pass-through=-lgcc_s] ==> ignore
    arg [-plugin-opt=-pass-through=-lgcc] ==> ignore
    arg [-plugin-opt=-pass-through=-lc] ==> ignore
    arg [-plugin-opt=-pass-through=-lgcc_s] ==> ignore
    arg [-plugin-opt=-pass-through=-lgcc] ==> ignore
    arg [--eh-frame-hdr] ==> ignore
    arg [-m] ==> ignore
    arg [elf_x86_64] ==> ignore
    arg [-export-dynamic] ==> ignore
    arg [-dynamic-linker] ==> ignore
    arg [/lib64/ld-linux-x86-64.so.2] ==> ignore
    arg [-o] ==> ignore
    arg [cmTC_5dea3] ==> ignore
    arg [/lib/../lib64/crt1.o] ==> obj [/lib/../lib64/crt1.o]
    arg [/lib/../lib64/crti.o] ==> obj [/lib/../lib64/crti.o]
    arg [/pbs/software/centos-7-x86_64/gcc/7.3.0/lib/gcc/x86_64-pc-linux-gnu/7.3.0/crtbegin.o] ==> obj [/pbs/software/centos-7-x86_64/gcc/7.3.0/lib/gcc/x86_64-pc-linux-gnu/7.3.0/crtbegin.o]
    arg [-L/pbs/software/centos-7-x86_64/python/2.7.15/lib] ==> dir [/pbs/software/centos-7-x86_64/python/2.7.15/lib]
    arg [-L/pbs/software/centos-7-x86_64/gcc/7.3.0/lib/gcc/x86_64-pc-linux-gnu/7.3.0] ==> dir [/pbs/software/centos-7-x86_64/gcc/7.3.0/lib/gcc/x86_64-pc-linux-gnu/7.3.0]
    arg [-L/pbs/software/centos-7-x86_64/gcc/7.3.0/lib/gcc/x86_64-pc-linux-gnu/7.3.0/../../../../lib64] ==> dir [/pbs/software/centos-7-x86_64/gcc/7.3.0/lib/gcc/x86_64-pc-linux-gnu/7.3.0/../../../../lib64]
    arg [-L/lib/../lib64] ==> dir [/lib/../lib64]
    arg [-L/usr/lib/../lib64] ==> dir [/usr/lib/../lib64]
    arg [-L/pbs/software/centos-7-x86_64/gcc/7.3.0/lib/gcc/x86_64-pc-linux-gnu/7.3.0/../../..] ==> dir [/pbs/software/centos-7-x86_64/gcc/7.3.0/lib/gcc/x86_64-pc-linux-gnu/7.3.0/../../..]
    arg [CMakeFiles/cmTC_5dea3.dir/CMakeCXXCompilerABI.cpp.o] ==> ignore
    arg [-lstdc++] ==> lib [stdc++]
    arg [-lm] ==> lib [m]
    arg [-lgcc_s] ==> lib [gcc_s]
    arg [-lgcc] ==> lib [gcc]
    arg [-lc] ==> lib [c]
    arg [-lgcc_s] ==> lib [gcc_s]
    arg [-lgcc] ==> lib [gcc]
    arg [/pbs/software/centos-7-x86_64/gcc/7.3.0/lib/gcc/x86_64-pc-linux-gnu/7.3.0/crtend.o] ==> obj [/pbs/software/centos-7-x86_64/gcc/7.3.0/lib/gcc/x86_64-pc-linux-gnu/7.3.0/crtend.o]
    arg [/lib/../lib64/crtn.o] ==> obj [/lib/../lib64/crtn.o]
  collapse obj [/lib/../lib64/crt1.o] ==> [/lib64/crt1.o]
  collapse obj [/lib/../lib64/crti.o] ==> [/lib64/crti.o]
  collapse obj [/lib/../lib64/crtn.o] ==> [/lib64/crtn.o]
  collapse library dir [/pbs/software/centos-7-x86_64/python/2.7.15/lib] ==> [/pbs/software/centos-7-x86_64/python/2.7.15/lib]
  collapse library dir [/pbs/software/centos-7-x86_64/gcc/7.3.0/lib/gcc/x86_64-pc-linux-gnu/7.3.0] ==> [/pbs/software/centos-7-x86_64/gcc/7.3.0/lib/gcc/x86_64-pc-linux-gnu/7.3.0]
  collapse library dir [/pbs/software/centos-7-x86_64/gcc/7.3.0/lib/gcc/x86_64-pc-linux-gnu/7.3.0/../../../../lib64] ==> [/pbs/software/centos-7-x86_64/gcc/7.3.0/lib64]
  collapse library dir [/lib/../lib64] ==> [/lib64]
  collapse library dir [/usr/lib/../lib64] ==> [/usr/lib64]
  collapse library dir [/pbs/software/centos-7-x86_64/gcc/7.3.0/lib/gcc/x86_64-pc-linux-gnu/7.3.0/../../..] ==> [/pbs/software/centos-7-x86_64/gcc/7.3.0/lib]
  implicit libs: [stdc++;m;gcc_s;gcc;c;gcc_s;gcc]
  implicit objs: [/lib64/crt1.o;/lib64/crti.o;/pbs/software/centos-7-x86_64/gcc/7.3.0/lib/gcc/x86_64-pc-linux-gnu/7.3.0/crtbegin.o;/pbs/software/centos-7-x86_64/gcc/7.3.0/lib/gcc/x86_64-pc-linux-gnu/7.3.0/crtend.o;/lib64/crtn.o]
  implicit dirs: [/pbs/software/centos-7-x86_64/python/2.7.15/lib;/pbs/software/centos-7-x86_64/gcc/7.3.0/lib/gcc/x86_64-pc-linux-gnu/7.3.0;/pbs/software/centos-7-x86_64/gcc/7.3.0/lib64;/lib64;/usr/lib64;/pbs/software/centos-7-x86_64/gcc/7.3.0/lib]
  implicit fwks: []


Determining if the include file pthread.h exists passed with the following output:
Change Dir: /pbs/home/t/tkrizak/supernemo-commissioning/TKEvent/RED_to_TK/build/CMakeFiles/CMakeTmp

Run Build Command(s):/usr/bin/gmake -f Makefile cmTC_d1e5f/fast && /usr/bin/gmake  -f CMakeFiles/cmTC_d1e5f.dir/build.make CMakeFiles/cmTC_d1e5f.dir/build
gmake[1]: Entering directory `/pbs/home/t/tkrizak/supernemo-commissioning/TKEvent/RED_to_TK/build/CMakeFiles/CMakeTmp'
Building C object CMakeFiles/cmTC_d1e5f.dir/CheckIncludeFile.c.o
/pbs/software/centos-7-x86_64/gcc/7.3.0/bin/gcc    -o CMakeFiles/cmTC_d1e5f.dir/CheckIncludeFile.c.o -c /pbs/home/t/tkrizak/supernemo-commissioning/TKEvent/RED_to_TK/build/CMakeFiles/CMakeTmp/CheckIncludeFile.c
Linking C executable cmTC_d1e5f
/pbs/software/centos-7-x86_64/cmake/3.20.2/bin/cmake -E cmake_link_script CMakeFiles/cmTC_d1e5f.dir/link.txt --verbose=1
/pbs/software/centos-7-x86_64/gcc/7.3.0/bin/gcc -L/pbs/software/centos-7-x86_64/python/2.7.15/lib  -rdynamic CMakeFiles/cmTC_d1e5f.dir/CheckIncludeFile.c.o -o cmTC_d1e5f 
gmake[1]: Leaving directory `/pbs/home/t/tkrizak/supernemo-commissioning/TKEvent/RED_to_TK/build/CMakeFiles/CMakeTmp'



Determining if the function pthread_create exists in the pthread passed with the following output:
Change Dir: /pbs/home/t/tkrizak/supernemo-commissioning/TKEvent/RED_to_TK/build/CMakeFiles/CMakeTmp

Run Build Command(s):/usr/bin/gmake -f Makefile cmTC_bc770/fast && /usr/bin/gmake  -f CMakeFiles/cmTC_bc770.dir/build.make CMakeFiles/cmTC_bc770.dir/build
gmake[1]: Entering directory `/pbs/home/t/tkrizak/supernemo-commissioning/TKEvent/RED_to_TK/build/CMakeFiles/CMakeTmp'
Building C object CMakeFiles/cmTC_bc770.dir/CheckFunctionExists.c.o
/pbs/software/centos-7-x86_64/gcc/7.3.0/bin/gcc   -DCHECK_FUNCTION_EXISTS=pthread_create -o CMakeFiles/cmTC_bc770.dir/CheckFunctionExists.c.o -c /pbs/software/centos-7-x86_64/cmake/3.20.2/share/cmake-3.20/Modules/CheckFunctionExists.c
Linking C executable cmTC_bc770
/pbs/software/centos-7-x86_64/cmake/3.20.2/bin/cmake -E cmake_link_script CMakeFiles/cmTC_bc770.dir/link.txt --verbose=1
/pbs/software/centos-7-x86_64/gcc/7.3.0/bin/gcc  -DCHECK_FUNCTION_EXISTS=pthread_create -L/pbs/software/centos-7-x86_64/python/2.7.15/lib  -rdynamic CMakeFiles/cmTC_bc770.dir/CheckFunctionExists.c.o -o cmTC_bc770  -lpthread 
gmake[1]: Leaving directory `/pbs/home/t/tkrizak/supernemo-commissioning/TKEvent/RED_to_TK/build/CMakeFiles/CMakeTmp'



